<?xml version="1.0" encoding="UTF-8"?>
<coverage generated="1501132004798" clover="3.2.0">
  <project timestamp="1501132004798" name="All files">
    <metrics statements="107" coveredstatements="105" conditionals="56" coveredconditionals="51" methods="21" coveredmethods="20" elements="184" coveredelements="176" complexity="0" loc="107" ncloc="107" packages="2" files="2" classes="2">
      <package name="src">
        <metrics statements="85" coveredstatements="85" conditionals="40" coveredconditionals="40" methods="15" coveredmethods="15"/>
        <file name="transform.js" path="/Users/kristiehoward/Docker/react-helmet-v5-codemod/src/transform.js">
          <metrics statements="85" coveredstatements="85" conditionals="40" coveredconditionals="40" methods="15" coveredmethods="15"/>
          <line num="1" count="1" type="stmt"/>
          <line num="2" count="5" type="stmt"/>
          <line num="3" count="5" type="stmt"/>
          <line num="6" count="5" type="stmt"/>
          <line num="7" count="2" type="stmt"/>
          <line num="8" count="2" type="stmt"/>
          <line num="9" count="2" type="stmt"/>
          <line num="14" count="5" type="stmt"/>
          <line num="17" count="5" type="stmt"/>
          <line num="19" count="42" type="stmt"/>
          <line num="24" count="5" type="stmt"/>
          <line num="25" count="20" type="cond" truecount="2" falsecount="0"/>
          <line num="26" count="20" type="cond" truecount="2" falsecount="0"/>
          <line num="30" count="5" type="stmt"/>
          <line num="32" count="4" type="cond" truecount="2" falsecount="0"/>
          <line num="33" count="1" type="stmt"/>
          <line num="35" count="3" type="cond" truecount="2" falsecount="0"/>
          <line num="38" count="3" type="stmt"/>
          <line num="44" count="5" type="stmt"/>
          <line num="45" count="21" type="cond" truecount="2" falsecount="0"/>
          <line num="49" count="21" type="stmt"/>
          <line num="54" count="5" type="stmt"/>
          <line num="55" count="20" type="stmt"/>
          <line num="56" count="20" type="stmt"/>
          <line num="57" count="20" type="stmt"/>
          <line num="58" count="20" type="cond" truecount="4" falsecount="0"/>
          <line num="59" count="10" type="stmt"/>
          <line num="60" count="10" type="stmt"/>
          <line num="62" count="20" type="stmt"/>
          <line num="69" count="5" type="stmt"/>
          <line num="70" count="2" type="stmt"/>
          <line num="71" count="2" type="stmt"/>
          <line num="72" count="2" type="stmt"/>
          <line num="78" count="5" type="stmt"/>
          <line num="79" count="10" type="stmt"/>
          <line num="80" count="10" type="stmt"/>
          <line num="81" count="10" type="stmt"/>
          <line num="82" count="20" type="cond" truecount="2" falsecount="0"/>
          <line num="84" count="3" type="stmt"/>
          <line num="86" count="17" type="stmt"/>
          <line num="89" count="10" type="stmt"/>
          <line num="94" count="5" type="stmt"/>
          <line num="95" count="13" type="stmt"/>
          <line num="96" count="13" type="stmt"/>
          <line num="99" count="13" type="cond" truecount="10" falsecount="0"/>
          <line num="101" count="2" type="stmt"/>
          <line num="102" count="2" type="stmt"/>
          <line num="103" count="2" type="stmt"/>
          <line num="106" count="1" type="stmt"/>
          <line num="107" count="1" type="stmt"/>
          <line num="110" count="1" type="stmt"/>
          <line num="111" count="1" type="stmt"/>
          <line num="112" count="1" type="stmt"/>
          <line num="113" count="1" type="stmt"/>
          <line num="114" count="1" type="stmt"/>
          <line num="116" count="1" type="stmt"/>
          <line num="117" count="1" type="stmt"/>
          <line num="118" count="1" type="stmt"/>
          <line num="127" count="7" type="cond" truecount="4" falsecount="0"/>
          <line num="128" count="2" type="stmt"/>
          <line num="129" count="2" type="stmt"/>
          <line num="131" count="5" type="stmt"/>
          <line num="132" count="9" type="stmt"/>
          <line num="133" count="9" type="stmt"/>
          <line num="135" count="5" type="stmt"/>
          <line num="137" count="1" type="stmt"/>
          <line num="139" count="13" type="stmt"/>
          <line num="142" count="5" type="stmt"/>
          <line num="143" count="5" type="stmt"/>
          <line num="146" count="5" type="stmt"/>
          <line num="147" count="22" type="cond" truecount="2" falsecount="0"/>
          <line num="148" count="1" type="stmt"/>
          <line num="151" count="21" type="cond" truecount="2" falsecount="0"/>
          <line num="152" count="8" type="stmt"/>
          <line num="154" count="13" type="stmt"/>
          <line num="155" count="13" type="stmt"/>
          <line num="157" count="4" type="stmt"/>
          <line num="159" count="4" type="stmt"/>
          <line num="160" count="4" type="cond" truecount="2" falsecount="0"/>
          <line num="162" count="2" type="stmt"/>
          <line num="164" count="4" type="stmt"/>
          <line num="167" count="4" type="cond" truecount="4" falsecount="0"/>
          <line num="168" count="1" type="stmt"/>
          <line num="169" count="1" type="stmt"/>
          <line num="172" count="4" type="stmt"/>
        </file>
      </package>
      <package name="test">
        <metrics statements="22" coveredstatements="20" conditionals="16" coveredconditionals="11" methods="6" coveredmethods="5"/>
        <file name="testUtils.js" path="/Users/kristiehoward/Docker/react-helmet-v5-codemod/test/testUtils.js">
          <metrics statements="22" coveredstatements="20" conditionals="16" coveredconditionals="11" methods="6" coveredmethods="5"/>
          <line num="24" count="1" type="stmt"/>
          <line num="25" count="1" type="stmt"/>
          <line num="48" count="5" type="cond" truecount="1" falsecount="1"/>
          <line num="49" count="0" type="stmt"/>
          <line num="52" count="5" type="stmt"/>
          <line num="53" count="5" type="stmt"/>
          <line num="54" count="5" type="stmt"/>
          <line num="60" count="5" type="stmt"/>
          <line num="62" count="5" type="cond" truecount="1" falsecount="1"/>
          <line num="66" count="5" type="stmt"/>
          <line num="67" count="5" type="cond" truecount="1" falsecount="1"/>
          <line num="68" count="0" type="stmt"/>
          <line num="71" count="5" type="stmt"/>
          <line num="79" count="5" type="cond" truecount="2" falsecount="0"/>
          <line num="80" count="1" type="stmt"/>
          <line num="82" count="4" type="cond" truecount="1" falsecount="1"/>
          <line num="85" count="1" type="stmt"/>
          <line num="92" count="5" type="cond" truecount="1" falsecount="1"/>
          <line num="97" count="5" type="stmt"/>
          <line num="98" count="5" type="stmt"/>
          <line num="99" count="5" type="stmt"/>
          <line num="103" count="1" type="stmt"/>
        </file>
      </package>
    </metrics>
  </project>
</coverage>
