{"/Users/kristiehoward/Docker/react-helmet-v5-codemod/src/transform.js": {"path":"/Users/kristiehoward/Docker/react-helmet-v5-codemod/src/transform.js","statementMap":{"0":{"start":{"line":1,"column":0},"end":{"line":173,"column":2}},"1":{"start":{"line":2,"column":12},"end":{"line":2,"column":27}},"2":{"start":{"line":3,"column":15},"end":{"line":3,"column":29}},"3":{"start":{"line":6,"column":24},"end":{"line":10,"column":3}},"4":{"start":{"line":7,"column":15},"end":{"line":7,"column":37}},"5":{"start":{"line":8,"column":4},"end":{"line":8,"column":34}},"6":{"start":{"line":9,"column":4},"end":{"line":9,"column":40}},"7":{"start":{"line":14,"column":24},"end":{"line":14,"column":26}},"8":{"start":{"line":17,"column":21},"end":{"line":20,"column":3}},"9":{"start":{"line":19,"column":4},"end":{"line":19,"column":117}},"10":{"start":{"line":24,"column":26},"end":{"line":27,"column":3}},"11":{"start":{"line":25,"column":17},"end":{"line":25,"column":36}},"12":{"start":{"line":26,"column":4},"end":{"line":26,"column":54}},"13":{"start":{"line":30,"column":37},"end":{"line":39,"column":3}},"14":{"start":{"line":32,"column":4},"end":{"line":34,"column":5}},"15":{"start":{"line":33,"column":6},"end":{"line":33,"column":18}},"16":{"start":{"line":35,"column":21},"end":{"line":37,"column":68}},"17":{"start":{"line":38,"column":4},"end":{"line":38,"column":46}},"18":{"start":{"line":44,"column":32},"end":{"line":50,"column":3}},"19":{"start":{"line":45,"column":18},"end":{"line":48,"column":40}},"20":{"start":{"line":49,"column":4},"end":{"line":49,"column":65}},"21":{"start":{"line":54,"column":44},"end":{"line":63,"column":3}},"22":{"start":{"line":55,"column":20},"end":{"line":55,"column":45}},"23":{"start":{"line":56,"column":4},"end":{"line":56,"column":31}},"24":{"start":{"line":57,"column":18},"end":{"line":57,"column":43}},"25":{"start":{"line":58,"column":4},"end":{"line":61,"column":5}},"26":{"start":{"line":59,"column":6},"end":{"line":59,"column":33}},"27":{"start":{"line":60,"column":6},"end":{"line":60,"column":21}},"28":{"start":{"line":62,"column":4},"end":{"line":62,"column":52}},"29":{"start":{"line":69,"column":37},"end":{"line":73,"column":3}},"30":{"start":{"line":70,"column":20},"end":{"line":70,"column":83}},"31":{"start":{"line":71,"column":21},"end":{"line":71,"column":67}},"32":{"start":{"line":72,"column":4},"end":{"line":72,"column":78}},"33":{"start":{"line":78,"column":33},"end":{"line":90,"column":3}},"34":{"start":{"line":79,"column":18},"end":{"line":79,"column":20}},"35":{"start":{"line":80,"column":21},"end":{"line":80,"column":23}},"36":{"start":{"line":81,"column":4},"end":{"line":88,"column":7}},"37":{"start":{"line":82,"column":6},"end":{"line":87,"column":7}},"38":{"start":{"line":84,"column":8},"end":{"line":84,"column":53}},"39":{"start":{"line":86,"column":8},"end":{"line":86,"column":45}},"40":{"start":{"line":89,"column":4},"end":{"line":89,"column":67}},"41":{"start":{"line":94,"column":28},"end":{"line":140,"column":3}},"42":{"start":{"line":95,"column":17},"end":{"line":95,"column":19}},"43":{"start":{"line":96,"column":17},"end":{"line":96,"column":28}},"44":{"start":{"line":99,"column":4},"end":{"line":138,"column":5}},"45":{"start":{"line":101,"column":8},"end":{"line":101,"column":76}},"46":{"start":{"line":102,"column":8},"end":{"line":102,"column":35}},"47":{"start":{"line":103,"column":8},"end":{"line":103,"column":14}},"48":{"start":{"line":106,"column":8},"end":{"line":106,"column":83}},"49":{"start":{"line":107,"column":8},"end":{"line":107,"column":14}},"50":{"start":{"line":110,"column":26},"end":{"line":110,"column":82}},"51":{"start":{"line":111,"column":8},"end":{"line":111,"column":29}},"52":{"start":{"line":112,"column":8},"end":{"line":112,"column":71}},"53":{"start":{"line":113,"column":8},"end":{"line":113,"column":40}},"54":{"start":{"line":114,"column":8},"end":{"line":114,"column":14}},"55":{"start":{"line":116,"column":8},"end":{"line":116,"column":76}},"56":{"start":{"line":117,"column":8},"end":{"line":117,"column":40}},"57":{"start":{"line":118,"column":8},"end":{"line":118,"column":14}},"58":{"start":{"line":127,"column":8},"end":{"line":130,"column":9}},"59":{"start":{"line":128,"column":10},"end":{"line":128,"column":71}},"60":{"start":{"line":129,"column":10},"end":{"line":129,"column":16}},"61":{"start":{"line":131,"column":8},"end":{"line":134,"column":11}},"62":{"start":{"line":132,"column":10},"end":{"line":132,"column":61}},"63":{"start":{"line":133,"column":10},"end":{"line":133,"column":42}},"64":{"start":{"line":135,"column":8},"end":{"line":135,"column":14}},"65":{"start":{"line":137,"column":8},"end":{"line":137,"column":14}},"66":{"start":{"line":139,"column":4},"end":{"line":139,"column":16}},"67":{"start":{"line":142,"column":15},"end":{"line":165,"column":4}},"68":{"start":{"line":143,"column":21},"end":{"line":143,"column":23}},"69":{"start":{"line":146,"column":4},"end":{"line":156,"column":7}},"70":{"start":{"line":147,"column":6},"end":{"line":149,"column":7}},"71":{"start":{"line":148,"column":8},"end":{"line":148,"column":64}},"72":{"start":{"line":151,"column":6},"end":{"line":153,"column":7}},"73":{"start":{"line":152,"column":8},"end":{"line":152,"column":15}},"74":{"start":{"line":154,"column":22},"end":{"line":154,"column":42}},"75":{"start":{"line":155,"column":6},"end":{"line":155,"column":32}},"76":{"start":{"line":157,"column":17},"end":{"line":157,"column":43}},"77":{"start":{"line":159,"column":18},"end":{"line":159,"column":69}},"78":{"start":{"line":160,"column":4},"end":{"line":163,"column":5}},"79":{"start":{"line":162,"column":6},"end":{"line":162,"column":40}},"80":{"start":{"line":164,"column":4},"end":{"line":164,"column":67}},"81":{"start":{"line":167,"column":2},"end":{"line":171,"column":3}},"82":{"start":{"line":168,"column":4},"end":{"line":170,"column":7}},"83":{"start":{"line":169,"column":6},"end":{"line":169,"column":94}},"84":{"start":{"line":172,"column":2},"end":{"line":172,"column":27}}},"fnMap":{"0":{"name":"(anonymous_0)","decl":{"start":{"line":1,"column":17},"end":{"line":1,"column":18}},"loc":{"start":{"line":1,"column":37},"end":{"line":173,"column":1}},"line":1},"1":{"name":"(anonymous_1)","decl":{"start":{"line":6,"column":24},"end":{"line":6,"column":25}},"loc":{"start":{"line":6,"column":32},"end":{"line":10,"column":3}},"line":6},"2":{"name":"(anonymous_2)","decl":{"start":{"line":17,"column":21},"end":{"line":17,"column":22}},"loc":{"start":{"line":17,"column":26},"end":{"line":20,"column":3}},"line":17},"3":{"name":"(anonymous_3)","decl":{"start":{"line":24,"column":26},"end":{"line":24,"column":27}},"loc":{"start":{"line":24,"column":31},"end":{"line":27,"column":3}},"line":24},"4":{"name":"(anonymous_4)","decl":{"start":{"line":30,"column":37},"end":{"line":30,"column":38}},"loc":{"start":{"line":30,"column":45},"end":{"line":39,"column":3}},"line":30},"5":{"name":"(anonymous_5)","decl":{"start":{"line":44,"column":32},"end":{"line":44,"column":33}},"loc":{"start":{"line":44,"column":40},"end":{"line":50,"column":3}},"line":44},"6":{"name":"(anonymous_6)","decl":{"start":{"line":54,"column":44},"end":{"line":54,"column":45}},"loc":{"start":{"line":54,"column":71},"end":{"line":63,"column":3}},"line":54},"7":{"name":"(anonymous_7)","decl":{"start":{"line":69,"column":37},"end":{"line":69,"column":38}},"loc":{"start":{"line":69,"column":42},"end":{"line":73,"column":3}},"line":69},"8":{"name":"(anonymous_8)","decl":{"start":{"line":78,"column":33},"end":{"line":78,"column":34}},"loc":{"start":{"line":78,"column":55},"end":{"line":90,"column":3}},"line":78},"9":{"name":"(anonymous_9)","decl":{"start":{"line":81,"column":23},"end":{"line":81,"column":24}},"loc":{"start":{"line":81,"column":28},"end":{"line":88,"column":5}},"line":81},"10":{"name":"(anonymous_10)","decl":{"start":{"line":94,"column":28},"end":{"line":94,"column":29}},"loc":{"start":{"line":94,"column":33},"end":{"line":140,"column":3}},"line":94},"11":{"name":"(anonymous_11)","decl":{"start":{"line":131,"column":44},"end":{"line":131,"column":45}},"loc":{"start":{"line":131,"column":49},"end":{"line":134,"column":9}},"line":131},"12":{"name":"(anonymous_12)","decl":{"start":{"line":142,"column":58},"end":{"line":142,"column":59}},"loc":{"start":{"line":142,"column":63},"end":{"line":165,"column":3}},"line":142},"13":{"name":"(anonymous_13)","decl":{"start":{"line":146,"column":45},"end":{"line":146,"column":46}},"loc":{"start":{"line":146,"column":50},"end":{"line":156,"column":5}},"line":146},"14":{"name":"(anonymous_14)","decl":{"start":{"line":168,"column":57},"end":{"line":168,"column":58}},"loc":{"start":{"line":168,"column":62},"end":{"line":170,"column":5}},"line":168}},"branchMap":{"0":{"loc":{"start":{"line":25,"column":17},"end":{"line":25,"column":36}},"type":"binary-expr","locations":[{"start":{"line":25,"column":17},"end":{"line":25,"column":22}},{"start":{"line":25,"column":26},"end":{"line":25,"column":36}}],"line":25},"1":{"loc":{"start":{"line":26,"column":11},"end":{"line":26,"column":53}},"type":"binary-expr","locations":[{"start":{"line":26,"column":11},"end":{"line":26,"column":31}},{"start":{"line":26,"column":35},"end":{"line":26,"column":53}}],"line":26},"2":{"loc":{"start":{"line":32,"column":4},"end":{"line":34,"column":5}},"type":"if","locations":[{"start":{"line":32,"column":4},"end":{"line":34,"column":5}},{"start":{"line":32,"column":4},"end":{"line":34,"column":5}}],"line":32},"3":{"loc":{"start":{"line":35,"column":21},"end":{"line":37,"column":68}},"type":"cond-expr","locations":[{"start":{"line":36,"column":8},"end":{"line":36,"column":38}},{"start":{"line":37,"column":8},"end":{"line":37,"column":68}}],"line":35},"4":{"loc":{"start":{"line":45,"column":18},"end":{"line":48,"column":40}},"type":"cond-expr","locations":[{"start":{"line":46,"column":8},"end":{"line":46,"column":35}},{"start":{"line":48,"column":8},"end":{"line":48,"column":40}}],"line":45},"5":{"loc":{"start":{"line":58,"column":4},"end":{"line":61,"column":5}},"type":"if","locations":[{"start":{"line":58,"column":4},"end":{"line":61,"column":5}},{"start":{"line":58,"column":4},"end":{"line":61,"column":5}}],"line":58},"6":{"loc":{"start":{"line":58,"column":8},"end":{"line":58,"column":37}},"type":"binary-expr","locations":[{"start":{"line":58,"column":8},"end":{"line":58,"column":17}},{"start":{"line":58,"column":21},"end":{"line":58,"column":37}}],"line":58},"7":{"loc":{"start":{"line":82,"column":6},"end":{"line":87,"column":7}},"type":"if","locations":[{"start":{"line":82,"column":6},"end":{"line":87,"column":7}},{"start":{"line":82,"column":6},"end":{"line":87,"column":7}}],"line":82},"8":{"loc":{"start":{"line":99,"column":4},"end":{"line":138,"column":5}},"type":"switch","locations":[{"start":{"line":100,"column":6},"end":{"line":103,"column":14}},{"start":{"line":104,"column":6},"end":{"line":107,"column":14}},{"start":{"line":108,"column":6},"end":{"line":114,"column":14}},{"start":{"line":115,"column":6},"end":{"line":118,"column":14}},{"start":{"line":119,"column":6},"end":{"line":119,"column":18}},{"start":{"line":120,"column":6},"end":{"line":120,"column":18}},{"start":{"line":121,"column":6},"end":{"line":121,"column":20}},{"start":{"line":122,"column":6},"end":{"line":122,"column":22}},{"start":{"line":123,"column":6},"end":{"line":135,"column":14}},{"start":{"line":136,"column":6},"end":{"line":137,"column":14}}],"line":99},"9":{"loc":{"start":{"line":127,"column":8},"end":{"line":130,"column":9}},"type":"if","locations":[{"start":{"line":127,"column":8},"end":{"line":130,"column":9}},{"start":{"line":127,"column":8},"end":{"line":130,"column":9}}],"line":127},"10":{"loc":{"start":{"line":127,"column":12},"end":{"line":127,"column":62}},"type":"binary-expr","locations":[{"start":{"line":127,"column":12},"end":{"line":127,"column":30}},{"start":{"line":127,"column":34},"end":{"line":127,"column":62}}],"line":127},"11":{"loc":{"start":{"line":147,"column":6},"end":{"line":149,"column":7}},"type":"if","locations":[{"start":{"line":147,"column":6},"end":{"line":149,"column":7}},{"start":{"line":147,"column":6},"end":{"line":149,"column":7}}],"line":147},"12":{"loc":{"start":{"line":151,"column":6},"end":{"line":153,"column":7}},"type":"if","locations":[{"start":{"line":151,"column":6},"end":{"line":153,"column":7}},{"start":{"line":151,"column":6},"end":{"line":153,"column":7}}],"line":151},"13":{"loc":{"start":{"line":160,"column":4},"end":{"line":163,"column":5}},"type":"if","locations":[{"start":{"line":160,"column":4},"end":{"line":163,"column":5}},{"start":{"line":160,"column":4},"end":{"line":163,"column":5}}],"line":160},"14":{"loc":{"start":{"line":167,"column":2},"end":{"line":171,"column":3}},"type":"if","locations":[{"start":{"line":167,"column":2},"end":{"line":171,"column":3}},{"start":{"line":167,"column":2},"end":{"line":171,"column":3}}],"line":167},"15":{"loc":{"start":{"line":167,"column":6},"end":{"line":167,"column":47}},"type":"binary-expr","locations":[{"start":{"line":167,"column":6},"end":{"line":167,"column":21}},{"start":{"line":167,"column":25},"end":{"line":167,"column":47}}],"line":167}},"s":{"0":1,"1":5,"2":5,"3":5,"4":2,"5":2,"6":2,"7":5,"8":5,"9":42,"10":5,"11":20,"12":20,"13":5,"14":4,"15":1,"16":3,"17":3,"18":5,"19":21,"20":21,"21":5,"22":20,"23":20,"24":20,"25":20,"26":10,"27":10,"28":20,"29":5,"30":2,"31":2,"32":2,"33":5,"34":10,"35":10,"36":10,"37":20,"38":3,"39":17,"40":10,"41":5,"42":13,"43":13,"44":13,"45":2,"46":2,"47":2,"48":1,"49":1,"50":1,"51":1,"52":1,"53":1,"54":1,"55":1,"56":1,"57":1,"58":7,"59":2,"60":2,"61":5,"62":9,"63":9,"64":5,"65":1,"66":13,"67":5,"68":5,"69":5,"70":22,"71":1,"72":21,"73":8,"74":13,"75":13,"76":4,"77":4,"78":4,"79":2,"80":4,"81":4,"82":1,"83":1,"84":4},"f":{"0":5,"1":2,"2":42,"3":20,"4":4,"5":21,"6":20,"7":2,"8":10,"9":20,"10":13,"11":9,"12":5,"13":22,"14":1},"b":{"0":[20,20],"1":[20,18],"2":[1,3],"3":[1,2],"4":[20,1],"5":[10,10],"6":[20,20],"7":[3,17],"8":[2,1,1,1,2,3,5,6,7,1],"9":[2,5],"10":[7,7],"11":[1,21],"12":[8,13],"13":[2,2],"14":[1,3],"15":[4,4]},"_coverageSchema":"332fd63041d2c1bcb487cc26dd0d5f7d97098a6c","hash":"acffd1f2a5316f30cdcebec74cdf1629af57e42a"}
,"/Users/kristiehoward/Docker/react-helmet-v5-codemod/test/testUtils.js": {"path":"/Users/kristiehoward/Docker/react-helmet-v5-codemod/test/testUtils.js","statementMap":{"0":{"start":{"line":24,"column":11},"end":{"line":24,"column":24}},"1":{"start":{"line":25,"column":13},"end":{"line":25,"column":28}},"2":{"start":{"line":48,"column":2},"end":{"line":50,"column":3}},"3":{"start":{"line":49,"column":4},"end":{"line":49,"column":35}},"4":{"start":{"line":52,"column":21},"end":{"line":52,"column":65}},"5":{"start":{"line":53,"column":20},"end":{"line":53,"column":71}},"6":{"start":{"line":54,"column":17},"end":{"line":54,"column":51}},"7":{"start":{"line":60,"column":17},"end":{"line":60,"column":73}},"8":{"start":{"line":62,"column":20},"end":{"line":62,"column":60}},"9":{"start":{"line":66,"column":20},"end":{"line":66,"column":52}},"10":{"start":{"line":67,"column":2},"end":{"line":69,"column":3}},"11":{"start":{"line":68,"column":4},"end":{"line":68,"column":56}},"12":{"start":{"line":71,"column":17},"end":{"line":78,"column":3}},"13":{"start":{"line":71,"column":23},"end":{"line":78,"column":3}},"14":{"start":{"line":79,"column":2},"end":{"line":83,"column":3}},"15":{"start":{"line":80,"column":4},"end":{"line":80,"column":39}},"16":{"start":{"line":82,"column":4},"end":{"line":82,"column":54}},"17":{"start":{"line":85,"column":0},"end":{"line":85,"column":26}},"18":{"start":{"line":92,"column":19},"end":{"line":96,"column":28}},"19":{"start":{"line":97,"column":2},"end":{"line":101,"column":5}},"20":{"start":{"line":98,"column":4},"end":{"line":100,"column":7}},"21":{"start":{"line":99,"column":6},"end":{"line":99,"column":70}},"22":{"start":{"line":103,"column":0},"end":{"line":103,"column":32}}},"fnMap":{"0":{"name":"runTest","decl":{"start":{"line":47,"column":9},"end":{"line":47,"column":16}},"loc":{"start":{"line":47,"column":73},"end":{"line":84,"column":1}},"line":47},"1":{"name":"(anonymous_1)","decl":{"start":{"line":71,"column":17},"end":{"line":71,"column":18}},"loc":{"start":{"line":71,"column":23},"end":{"line":78,"column":3}},"line":71},"2":{"name":"(anonymous_2)","decl":{"start":{"line":75,"column":13},"end":{"line":75,"column":14}},"loc":{"start":{"line":75,"column":19},"end":{"line":75,"column":21}},"line":75},"3":{"name":"defineTest","decl":{"start":{"line":91,"column":9},"end":{"line":91,"column":19}},"loc":{"start":{"line":91,"column":76},"end":{"line":102,"column":1}},"line":91},"4":{"name":"(anonymous_4)","decl":{"start":{"line":97,"column":26},"end":{"line":97,"column":27}},"loc":{"start":{"line":97,"column":32},"end":{"line":101,"column":3}},"line":97},"5":{"name":"(anonymous_5)","decl":{"start":{"line":98,"column":17},"end":{"line":98,"column":18}},"loc":{"start":{"line":98,"column":23},"end":{"line":100,"column":5}},"line":98}},"branchMap":{"0":{"loc":{"start":{"line":48,"column":2},"end":{"line":50,"column":3}},"type":"if","locations":[{"start":{"line":48,"column":2},"end":{"line":50,"column":3}},{"start":{"line":48,"column":2},"end":{"line":50,"column":3}}],"line":48},"1":{"loc":{"start":{"line":62,"column":20},"end":{"line":62,"column":60}},"type":"cond-expr","locations":[{"start":{"line":62,"column":37},"end":{"line":62,"column":51}},{"start":{"line":62,"column":54},"end":{"line":62,"column":60}}],"line":62},"2":{"loc":{"start":{"line":67,"column":2},"end":{"line":69,"column":3}},"type":"if","locations":[{"start":{"line":67,"column":2},"end":{"line":69,"column":3}},{"start":{"line":67,"column":2},"end":{"line":69,"column":3}}],"line":67},"3":{"loc":{"start":{"line":77,"column":4},"end":{"line":77,"column":17}},"type":"binary-expr","locations":[{"start":{"line":77,"column":4},"end":{"line":77,"column":11}},{"start":{"line":77,"column":15},"end":{"line":77,"column":17}}],"line":77},"4":{"loc":{"start":{"line":79,"column":2},"end":{"line":83,"column":3}},"type":"if","locations":[{"start":{"line":79,"column":2},"end":{"line":83,"column":3}},{"start":{"line":79,"column":2},"end":{"line":83,"column":3}}],"line":79},"5":{"loc":{"start":{"line":82,"column":12},"end":{"line":82,"column":26}},"type":"binary-expr","locations":[{"start":{"line":82,"column":12},"end":{"line":82,"column":20}},{"start":{"line":82,"column":24},"end":{"line":82,"column":26}}],"line":82},"6":{"loc":{"start":{"line":92,"column":19},"end":{"line":96,"column":28}},"type":"cond-expr","locations":[{"start":{"line":93,"column":6},"end":{"line":95,"column":59}},{"start":{"line":96,"column":6},"end":{"line":96,"column":28}}],"line":92},"7":{"loc":{"start":{"line":93,"column":6},"end":{"line":95,"column":59}},"type":"cond-expr","locations":[{"start":{"line":94,"column":6},"end":{"line":94,"column":55}},{"start":{"line":95,"column":6},"end":{"line":95,"column":59}}],"line":93}},"s":{"0":1,"1":1,"2":5,"3":0,"4":5,"5":5,"6":5,"7":5,"8":5,"9":5,"10":5,"11":0,"12":5,"13":5,"14":5,"15":1,"16":4,"17":1,"18":5,"19":5,"20":5,"21":5,"22":1},"f":{"0":5,"1":5,"2":0,"3":5,"4":5,"5":5},"b":{"0":[0,5],"1":[0,5],"2":[0,5],"3":[5,5],"4":[1,4],"5":[4,0],"6":[5,0],"7":[1,4]},"_coverageSchema":"332fd63041d2c1bcb487cc26dd0d5f7d97098a6c","hash":"f9e4cdf1a33033852645c64f73aace9d31f61220"}
}
