TN:
SF:/Users/kristiehoward/Docker/react-helmet-v5-codemod/src/transform.js
FN:1,(anonymous_0)
FN:6,(anonymous_1)
FN:17,(anonymous_2)
FN:24,(anonymous_3)
FN:30,(anonymous_4)
FN:44,(anonymous_5)
FN:54,(anonymous_6)
FN:69,(anonymous_7)
FN:78,(anonymous_8)
FN:81,(anonymous_9)
FN:94,(anonymous_10)
FN:131,(anonymous_11)
FN:142,(anonymous_12)
FN:146,(anonymous_13)
FN:168,(anonymous_14)
FNF:15
FNH:15
FNDA:5,(anonymous_0)
FNDA:2,(anonymous_1)
FNDA:42,(anonymous_2)
FNDA:20,(anonymous_3)
FNDA:4,(anonymous_4)
FNDA:21,(anonymous_5)
FNDA:20,(anonymous_6)
FNDA:2,(anonymous_7)
FNDA:10,(anonymous_8)
FNDA:20,(anonymous_9)
FNDA:13,(anonymous_10)
FNDA:9,(anonymous_11)
FNDA:5,(anonymous_12)
FNDA:22,(anonymous_13)
FNDA:1,(anonymous_14)
DA:1,1
DA:2,5
DA:3,5
DA:6,5
DA:7,2
DA:8,2
DA:9,2
DA:14,5
DA:17,5
DA:19,42
DA:24,5
DA:25,20
DA:26,20
DA:30,5
DA:32,4
DA:33,1
DA:35,3
DA:38,3
DA:44,5
DA:45,21
DA:49,21
DA:54,5
DA:55,20
DA:56,20
DA:57,20
DA:58,20
DA:59,10
DA:60,10
DA:62,20
DA:69,5
DA:70,2
DA:71,2
DA:72,2
DA:78,5
DA:79,10
DA:80,10
DA:81,10
DA:82,20
DA:84,3
DA:86,17
DA:89,10
DA:94,5
DA:95,13
DA:96,13
DA:99,13
DA:101,2
DA:102,2
DA:103,2
DA:106,1
DA:107,1
DA:110,1
DA:111,1
DA:112,1
DA:113,1
DA:114,1
DA:116,1
DA:117,1
DA:118,1
DA:127,7
DA:128,2
DA:129,2
DA:131,5
DA:132,9
DA:133,9
DA:135,5
DA:137,1
DA:139,13
DA:142,5
DA:143,5
DA:146,5
DA:147,22
DA:148,1
DA:151,21
DA:152,8
DA:154,13
DA:155,13
DA:157,4
DA:159,4
DA:160,4
DA:162,2
DA:164,4
DA:167,4
DA:168,1
DA:169,1
DA:172,4
LF:85
LH:85
BRDA:25,0,0,20
BRDA:25,0,1,20
BRDA:26,1,0,20
BRDA:26,1,1,18
BRDA:32,2,0,1
BRDA:32,2,1,3
BRDA:35,3,0,1
BRDA:35,3,1,2
BRDA:45,4,0,20
BRDA:45,4,1,1
BRDA:58,5,0,10
BRDA:58,5,1,10
BRDA:58,6,0,20
BRDA:58,6,1,20
BRDA:82,7,0,3
BRDA:82,7,1,17
BRDA:99,8,0,2
BRDA:99,8,1,1
BRDA:99,8,2,1
BRDA:99,8,3,1
BRDA:99,8,4,2
BRDA:99,8,5,3
BRDA:99,8,6,5
BRDA:99,8,7,6
BRDA:99,8,8,7
BRDA:99,8,9,1
BRDA:127,9,0,2
BRDA:127,9,1,5
BRDA:127,10,0,7
BRDA:127,10,1,7
BRDA:147,11,0,1
BRDA:147,11,1,21
BRDA:151,12,0,8
BRDA:151,12,1,13
BRDA:160,13,0,2
BRDA:160,13,1,2
BRDA:167,14,0,1
BRDA:167,14,1,3
BRDA:167,15,0,4
BRDA:167,15,1,4
BRF:40
BRH:40
end_of_record
TN:
SF:/Users/kristiehoward/Docker/react-helmet-v5-codemod/test/testUtils.js
FN:47,runTest
FN:71,(anonymous_1)
FN:75,(anonymous_2)
FN:91,defineTest
FN:97,(anonymous_4)
FN:98,(anonymous_5)
FNF:6
FNH:5
FNDA:5,runTest
FNDA:5,(anonymous_1)
FNDA:0,(anonymous_2)
FNDA:5,defineTest
FNDA:5,(anonymous_4)
FNDA:5,(anonymous_5)
DA:24,1
DA:25,1
DA:48,5
DA:49,0
DA:52,5
DA:53,5
DA:54,5
DA:60,5
DA:62,5
DA:66,5
DA:67,5
DA:68,0
DA:71,5
DA:79,5
DA:80,1
DA:82,4
DA:85,1
DA:92,5
DA:97,5
DA:98,5
DA:99,5
DA:103,1
LF:22
LH:20
BRDA:48,0,0,0
BRDA:48,0,1,5
BRDA:62,1,0,0
BRDA:62,1,1,5
BRDA:67,2,0,0
BRDA:67,2,1,5
BRDA:77,3,0,5
BRDA:77,3,1,5
BRDA:79,4,0,1
BRDA:79,4,1,4
BRDA:82,5,0,4
BRDA:82,5,1,0
BRDA:92,6,0,5
BRDA:92,6,1,0
BRDA:93,7,0,1
BRDA:93,7,1,4
BRF:16
BRH:11
end_of_record
